Compilation failed:
    source file: '/home/park-ubuntu/park/SOLUTION/Mobile-SLAM/wasm/libs/opencv_build/CMakeFiles/CMakeTmp/src.cxx'
    check option: ' -fsigned-char -W -Wall -Werror=return-type -Werror=non-virtual-dtor -Werror=address -Werror=sequence-point -Wformat -Werror=format-security -Wmissing-declarations -Wmissing-prototypes -Wstrict-prototypes -Wundef -Winit-self -Wpointer-arith -Wshadow -Wsign-promo -Wuninitialized -Winconsistent-missing-override -Wno-delete-non-virtual-dtor -Wno-unnamed-type-template-args -Wno-comment -Wno-deprecated-enum-enum-conversion -Wno-deprecated-anon-enum-enum-conversion -fdiagnostics-show-option -Qunused-arguments -ffunction-sections -fdata-sections   -mfpmath=387'
===== BUILD LOG =====
Change Dir: /home/park-ubuntu/park/SOLUTION/Mobile-SLAM/wasm/libs/opencv_build/CMakeFiles/CMakeTmp

Run Build Command(s):/usr/bin/gmake -f Makefile cmTC_3272c/fast && /usr/bin/gmake  -f CMakeFiles/cmTC_3272c.dir/build.make CMakeFiles/cmTC_3272c.dir/build
gmake[1]: Entering directory '/home/park-ubuntu/park/SOLUTION/Mobile-SLAM/wasm/libs/opencv_build/CMakeFiles/CMakeTmp'
Building CXX object CMakeFiles/cmTC_3272c.dir/src.cxx.o
/home/park-ubuntu/emsdk/upstream/emscripten/em++   -O3  -O3 -DNDEBUG    -fsigned-char -W -Wall -Werror=return-type -Werror=non-virtual-dtor -Werror=address -Werror=sequence-point -Wformat -Werror=format-security -Wmissing-declarations -Wmissing-prototypes -Wstrict-prototypes -Wundef -Winit-self -Wpointer-arith -Wshadow -Wsign-promo -Wuninitialized -Winconsistent-missing-override -Wno-delete-non-virtual-dtor -Wno-unnamed-type-template-args -Wno-comment -Wno-deprecated-enum-enum-conversion -Wno-deprecated-anon-enum-enum-conversion -fdiagnostics-show-option -Qunused-arguments -ffunction-sections -fdata-sections   -mfpmath=387 -std=c++17 -MD -MT CMakeFiles/cmTC_3272c.dir/src.cxx.o -MF CMakeFiles/cmTC_3272c.dir/src.cxx.o.d -o CMakeFiles/cmTC_3272c.dir/src.cxx.o -c /home/park-ubuntu/park/SOLUTION/Mobile-SLAM/wasm/libs/opencv_build/CMakeFiles/CMakeTmp/src.cxx
error: unknown FP unit '387'
gmake[1]: *** [CMakeFiles/cmTC_3272c.dir/build.make:79: CMakeFiles/cmTC_3272c.dir/src.cxx.o] Error 1
gmake[1]: Leaving directory '/home/park-ubuntu/park/SOLUTION/Mobile-SLAM/wasm/libs/opencv_build/CMakeFiles/CMakeTmp'
gmake: *** [Makefile:127: cmTC_3272c/fast] Error 2


===== END =====

Compilation failed:
    source file: '/home/park-ubuntu/park/SOLUTION/Mobile-SLAM/wasm/libs/opencv_build/CMakeFiles/CMakeTmp/src.c'
    check option: ' -fsigned-char -W -Wall -Werror=return-type -Werror=non-virtual-dtor -Werror=address -Werror=sequence-point -Wformat -Werror=format-security -Wmissing-declarations -Wmissing-prototypes -Wstrict-prototypes -Wundef -Winit-self -Wpointer-arith -Wshadow -Wsign-promo -Wuninitialized -Winconsistent-missing-override -Wno-delete-non-virtual-dtor -Wno-unnamed-type-template-args -Wno-comment -Wno-deprecated-enum-enum-conversion -Wno-deprecated-anon-enum-enum-conversion -fdiagnostics-show-option -Qunused-arguments -ffunction-sections -fdata-sections   -mfpmath=387'
===== BUILD LOG =====
Change Dir: /home/park-ubuntu/park/SOLUTION/Mobile-SLAM/wasm/libs/opencv_build/CMakeFiles/CMakeTmp

Run Build Command(s):/usr/bin/gmake -f Makefile cmTC_0510b/fast && /usr/bin/gmake  -f CMakeFiles/cmTC_0510b.dir/build.make CMakeFiles/cmTC_0510b.dir/build
gmake[1]: Entering directory '/home/park-ubuntu/park/SOLUTION/Mobile-SLAM/wasm/libs/opencv_build/CMakeFiles/CMakeTmp'
Building C object CMakeFiles/cmTC_0510b.dir/src.c.o
/home/park-ubuntu/emsdk/upstream/emscripten/emcc   -O3  -O3 -DNDEBUG    -fsigned-char -W -Wall -Werror=return-type -Werror=non-virtual-dtor -Werror=address -Werror=sequence-point -Wformat -Werror=format-security -Wmissing-declarations -Wmissing-prototypes -Wstrict-prototypes -Wundef -Winit-self -Wpointer-arith -Wshadow -Wsign-promo -Wuninitialized -Winconsistent-missing-override -Wno-delete-non-virtual-dtor -Wno-unnamed-type-template-args -Wno-comment -Wno-deprecated-enum-enum-conversion -Wno-deprecated-anon-enum-enum-conversion -fdiagnostics-show-option -Qunused-arguments -ffunction-sections -fdata-sections   -mfpmath=387 -MD -MT CMakeFiles/cmTC_0510b.dir/src.c.o -MF CMakeFiles/cmTC_0510b.dir/src.c.o.d -o CMakeFiles/cmTC_0510b.dir/src.c.o -c /home/park-ubuntu/park/SOLUTION/Mobile-SLAM/wasm/libs/opencv_build/CMakeFiles/CMakeTmp/src.c
error: unknown FP unit '387'
gmake[1]: *** [CMakeFiles/cmTC_0510b.dir/build.make:79: CMakeFiles/cmTC_0510b.dir/src.c.o] Error 1
gmake[1]: Leaving directory '/home/park-ubuntu/park/SOLUTION/Mobile-SLAM/wasm/libs/opencv_build/CMakeFiles/CMakeTmp'
gmake: *** [Makefile:127: cmTC_0510b/fast] Error 2


===== END =====

Determining size of off64_t failed with the following output:
Change Dir: /home/park-ubuntu/park/SOLUTION/Mobile-SLAM/wasm/libs/opencv_build/CMakeFiles/CMakeTmp

Run Build Command(s):/usr/bin/gmake -f Makefile cmTC_0fccb/fast && /usr/bin/gmake  -f CMakeFiles/cmTC_0fccb.dir/build.make CMakeFiles/cmTC_0fccb.dir/build
gmake[1]: Entering directory '/home/park-ubuntu/park/SOLUTION/Mobile-SLAM/wasm/libs/opencv_build/CMakeFiles/CMakeTmp'
Building C object CMakeFiles/cmTC_0fccb.dir/OFF64_T.c.o
/home/park-ubuntu/emsdk/upstream/emscripten/emcc   -O3   -fsigned-char -W -Wall -Werror=return-type -Werror=non-virtual-dtor -Werror=address -Werror=sequence-point -Wformat -Werror=format-security -Wmissing-declarations -Wmissing-prototypes -Wstrict-prototypes -Wundef -Winit-self -Wpointer-arith -Wshadow -Wsign-promo -Wuninitialized -Winconsistent-missing-override -Wno-delete-non-virtual-dtor -Wno-unnamed-type-template-args -Wno-comment -Wno-deprecated-enum-enum-conversion -Wno-deprecated-anon-enum-enum-conversion -fdiagnostics-show-option -Qunused-arguments -ffunction-sections -fdata-sections  -fvisibility=hidden -fvisibility-inlines-hidden  -O3 -DNDEBUG  -DNDEBUG -MD -MT CMakeFiles/cmTC_0fccb.dir/OFF64_T.c.o -MF CMakeFiles/cmTC_0fccb.dir/OFF64_T.c.o.d -o CMakeFiles/cmTC_0fccb.dir/OFF64_T.c.o -c /home/park-ubuntu/park/SOLUTION/Mobile-SLAM/wasm/libs/opencv_build/CMakeFiles/CheckTypeSize/OFF64_T.c
/home/park-ubuntu/park/SOLUTION/Mobile-SLAM/wasm/libs/opencv_build/CMakeFiles/CheckTypeSize/OFF64_T.c:25:12: error: use of undeclared identifier 'off64_t'; did you mean 'off_t'?
   25 |   ('0' + ((SIZE / 10000)%10)),
      |            ^~~~
/home/park-ubuntu/park/SOLUTION/Mobile-SLAM/wasm/libs/opencv_build/CMakeFiles/CheckTypeSize/OFF64_T.c:23:22: note: expanded from macro 'SIZE'
   23 | #define SIZE (sizeof(off64_t))
      |                      ^~~~~~~
/home/park-ubuntu/emsdk/upstream/emscripten/cache/sysroot/include/bits/alltypes.h:217:16: note: 'off_t' declared here
  217 | typedef _Int64 off_t;
      |                ^
/home/park-ubuntu/park/SOLUTION/Mobile-SLAM/wasm/libs/opencv_build/CMakeFiles/CheckTypeSize/OFF64_T.c:26:12: error: use of undeclared identifier 'off64_t'; did you mean 'off_t'?
   26 |   ('0' + ((SIZE / 1000)%10)),
      |            ^~~~
/home/park-ubuntu/park/SOLUTION/Mobile-SLAM/wasm/libs/opencv_build/CMakeFiles/CheckTypeSize/OFF64_T.c:23:22: note: expanded from macro 'SIZE'
   23 | #define SIZE (sizeof(off64_t))
      |                      ^~~~~~~
/home/park-ubuntu/emsdk/upstream/emscripten/cache/sysroot/include/bits/alltypes.h:217:16: note: 'off_t' declared here
  217 | typedef _Int64 off_t;
      |                ^
/home/park-ubuntu/park/SOLUTION/Mobile-SLAM/wasm/libs/opencv_build/CMakeFiles/CheckTypeSize/OFF64_T.c:27:12: error: use of undeclared identifier 'off64_t'; did you mean 'off_t'?
   27 |   ('0' + ((SIZE / 100)%10)),
      |            ^~~~
/home/park-ubuntu/park/SOLUTION/Mobile-SLAM/wasm/libs/opencv_build/CMakeFiles/CheckTypeSize/OFF64_T.c:23:22: note: expanded from macro 'SIZE'
   23 | #define SIZE (sizeof(off64_t))
      |                      ^~~~~~~
/home/park-ubuntu/emsdk/upstream/emscripten/cache/sysroot/include/bits/alltypes.h:217:16: note: 'off_t' declared here
  217 | typedef _Int64 off_t;
      |                ^
/home/park-ubuntu/park/SOLUTION/Mobile-SLAM/wasm/libs/opencv_build/CMakeFiles/CheckTypeSize/OFF64_T.c:28:12: error: use of undeclared identifier 'off64_t'; did you mean 'off_t'?
   28 |   ('0' + ((SIZE / 10)%10)),
      |            ^~~~
/home/park-ubuntu/park/SOLUTION/Mobile-SLAM/wasm/libs/opencv_build/CMakeFiles/CheckTypeSize/OFF64_T.c:23:22: note: expanded from macro 'SIZE'
   23 | #define SIZE (sizeof(off64_t))
      |                      ^~~~~~~
/home/park-ubuntu/emsdk/upstream/emscripten/cache/sysroot/include/bits/alltypes.h:217:16: note: 'off_t' declared here
  217 | typedef _Int64 off_t;
      |                ^
/home/park-ubuntu/park/SOLUTION/Mobile-SLAM/wasm/libs/opencv_build/CMakeFiles/CheckTypeSize/OFF64_T.c:29:12: error: use of undeclared identifier 'off64_t'; did you mean 'off_t'?
   29 |   ('0' +  (SIZE    % 10)),
      |            ^~~~
/home/park-ubuntu/park/SOLUTION/Mobile-SLAM/wasm/libs/opencv_build/CMakeFiles/CheckTypeSize/OFF64_T.c:23:22: note: expanded from macro 'SIZE'
   23 | #define SIZE (sizeof(off64_t))
      |                      ^~~~~~~
/home/park-ubuntu/emsdk/upstream/emscripten/cache/sysroot/include/bits/alltypes.h:217:16: note: 'off_t' declared here
  217 | typedef _Int64 off_t;
      |                ^
5 errors generated.
gmake[1]: *** [CMakeFiles/cmTC_0fccb.dir/build.make:79: CMakeFiles/cmTC_0fccb.dir/OFF64_T.c.o] Error 1
gmake[1]: Leaving directory '/home/park-ubuntu/park/SOLUTION/Mobile-SLAM/wasm/libs/opencv_build/CMakeFiles/CMakeTmp'
gmake: *** [Makefile:127: cmTC_0fccb/fast] Error 2


/home/park-ubuntu/park/SOLUTION/Mobile-SLAM/wasm/libs/opencv_build/CMakeFiles/CheckTypeSize/OFF64_T.c:
#include <sys/types.h>
#include <stdint.h>
#include <stddef.h>


#undef KEY
#if defined(__i386)
# define KEY '_','_','i','3','8','6'
#elif defined(__x86_64)
# define KEY '_','_','x','8','6','_','6','4'
#elif defined(__ppc__)
# define KEY '_','_','p','p','c','_','_'
#elif defined(__ppc64__)
# define KEY '_','_','p','p','c','6','4','_','_'
#elif defined(__aarch64__)
# define KEY '_','_','a','a','r','c','h','6','4','_','_'
#elif defined(__ARM_ARCH_7A__)
# define KEY '_','_','A','R','M','_','A','R','C','H','_','7','A','_','_'
#elif defined(__ARM_ARCH_7S__)
# define KEY '_','_','A','R','M','_','A','R','C','H','_','7','S','_','_'
#endif

#define SIZE (sizeof(off64_t))
char info_size[] =  {'I', 'N', 'F', 'O', ':', 's','i','z','e','[',
  ('0' + ((SIZE / 10000)%10)),
  ('0' + ((SIZE / 1000)%10)),
  ('0' + ((SIZE / 100)%10)),
  ('0' + ((SIZE / 10)%10)),
  ('0' +  (SIZE    % 10)),
  ']',
#ifdef KEY
  ' ','k','e','y','[', KEY, ']',
#endif
  '\0'};

#ifdef __CLASSIC_C__
int main(argc, argv) int argc; char *argv[];
#else
int main(int argc, char *argv[])
#endif
{
  int require = 0;
  require += info_size[argc];
  (void)argv;
  return require;
}


Determining if the function sgemm_ exists failed with the following output:
Change Dir: /home/park-ubuntu/park/SOLUTION/Mobile-SLAM/wasm/libs/opencv_build/CMakeFiles/CMakeTmp

Run Build Command(s):/usr/bin/gmake -f Makefile cmTC_919ae/fast && /usr/bin/gmake  -f CMakeFiles/cmTC_919ae.dir/build.make CMakeFiles/cmTC_919ae.dir/build
gmake[1]: Entering directory '/home/park-ubuntu/park/SOLUTION/Mobile-SLAM/wasm/libs/opencv_build/CMakeFiles/CMakeTmp'
Building C object CMakeFiles/cmTC_919ae.dir/CheckFunctionExists.c.o
/home/park-ubuntu/emsdk/upstream/emscripten/emcc   -O3   -fsigned-char -W -Wall -Werror=return-type -Werror=non-virtual-dtor -Werror=address -Werror=sequence-point -Wformat -Werror=format-security -Wmissing-declarations -Wmissing-prototypes -Wstrict-prototypes -Wundef -Winit-self -Wpointer-arith -Wshadow -Wsign-promo -Wuninitialized -Winconsistent-missing-override -Wno-delete-non-virtual-dtor -Wno-unnamed-type-template-args -Wno-comment -Wno-deprecated-enum-enum-conversion -Wno-deprecated-anon-enum-enum-conversion -fdiagnostics-show-option -Qunused-arguments -ffunction-sections -fdata-sections  -fvisibility=hidden -fvisibility-inlines-hidden -DCHECK_FUNCTION_EXISTS=sgemm_ -O3 -DNDEBUG  -DNDEBUG -MD -MT CMakeFiles/cmTC_919ae.dir/CheckFunctionExists.c.o -MF CMakeFiles/cmTC_919ae.dir/CheckFunctionExists.c.o.d -o CMakeFiles/cmTC_919ae.dir/CheckFunctionExists.c.o -c /usr/share/cmake-3.22/Modules/CheckFunctionExists.c
Linking C executable cmTC_919ae.js
/usr/bin/cmake -E cmake_link_script CMakeFiles/cmTC_919ae.dir/link.txt --verbose=1
/home/park-ubuntu/emsdk/upstream/emscripten/emcc -O3   -fsigned-char -W -Wall -Werror=return-type -Werror=non-virtual-dtor -Werror=address -Werror=sequence-point -Wformat -Werror=format-security -Wmissing-declarations -Wmissing-prototypes -Wstrict-prototypes -Wundef -Winit-self -Wpointer-arith -Wshadow -Wsign-promo -Wuninitialized -Winconsistent-missing-override -Wno-delete-non-virtual-dtor -Wno-unnamed-type-template-args -Wno-comment -Wno-deprecated-enum-enum-conversion -Wno-deprecated-anon-enum-enum-conversion -fdiagnostics-show-option -Qunused-arguments -ffunction-sections -fdata-sections  -fvisibility=hidden -fvisibility-inlines-hidden -DCHECK_FUNCTION_EXISTS=sgemm_ -O3 -DNDEBUG  -DNDEBUG   -Wl,--gc-sections  @CMakeFiles/cmTC_919ae.dir/objects1.rsp -o cmTC_919ae.js 
clang: warning: future releases of the clang compiler will prefer GCC installations containing libstdc++ include directories; '/usr/lib/gcc/x86_64-linux-gnu/11' would be chosen over '/usr/lib/gcc/x86_64-linux-gnu/12' [-Wgcc-install-dir-libstdcxx]
wasm-ld: error: CMakeFiles/cmTC_919ae.dir/CheckFunctionExists.c.o: undefined symbol: sgemm_
emcc: error: '/home/park-ubuntu/emsdk/upstream/bin/wasm-ld -o cmTC_919ae.wasm /tmp/tmp8rhaq0u8libemscripten_js_symbols.so --strip-debug --export=_emscripten_stack_alloc --export=__wasm_call_ctors --export=emscripten_stack_get_current --export=_emscripten_stack_restore --export-if-defined=__start_em_asm --export-if-defined=__stop_em_asm --export-if-defined=__start_em_lib_deps --export-if-defined=__stop_em_lib_deps --export-if-defined=__start_em_js --export-if-defined=__stop_em_js --export-if-defined=main --export-if-defined=__main_argc_argv --export-table -z stack-size=65536 --no-growable-memory --initial-heap=16777216 --no-entry --no-stack-first --table-base=1 --global-base=1024 --gc-sections CMakeFiles/cmTC_919ae.dir/CheckFunctionExists.c.o -L/home/park-ubuntu/emsdk/upstream/emscripten/cache/sysroot/lib/wasm32-emscripten -L/home/park-ubuntu/emsdk/upstream/emscripten/src/lib -lGL-getprocaddr -lal -lhtml5 -lstubs -lnoexit -lc -ldlmalloc -lcompiler_rt -lc++-noexcept -lc++abi-noexcept -lsockets -mllvm -combiner-global-alias-analysis=false -mllvm -enable-emscripten-sjlj -mllvm -disable-lsr' failed (returned 1)
gmake[1]: *** [CMakeFiles/cmTC_919ae.dir/build.make:101: cmTC_919ae.js] Error 1
gmake[1]: Leaving directory '/home/park-ubuntu/park/SOLUTION/Mobile-SLAM/wasm/libs/opencv_build/CMakeFiles/CMakeTmp'
gmake: *** [Makefile:127: cmTC_919ae/fast] Error 2



